This is pdfTeX, Version 3.141592653-2.6-1.40.26 (TeX Live 2024) (preloaded format=pdflatex 2024.3.22)  6 MAY 2024 21:16
entering extended mode
 restricted \write18 enabled.
 file:line:error style messages enabled.
 %&-line parsing enabled.
**main.tex
(./main.tex
LaTeX2e <2023-11-01> patch level 1
L3 programming layer <2024-02-20>
(/usr/local/texlive/2024/texmf-dist/tex/latex/base/article.cls
Document Class: article 2023/05/17 v1.4n Standard LaTeX document class
(/usr/local/texlive/2024/texmf-dist/tex/latex/base/size12.clo
File: size12.clo 2023/05/17 v1.4n Standard LaTeX file (size option)
)
\c@part=\count188
\c@section=\count189
\c@subsection=\count190
\c@subsubsection=\count191
\c@paragraph=\count192
\c@subparagraph=\count193
\c@figure=\count194
\c@table=\count195
\abovecaptionskip=\skip48
\belowcaptionskip=\skip49
\bibindent=\dimen140
)
(./Configuration/project_configuration.tex
(/usr/local/texlive/2024/texmf-dist/tex/latex/base/inputenc.sty
Package: inputenc 2021/02/14 v1.3d Input encoding file
\inpenc@prehook=\toks17
\inpenc@posthook=\toks18
)
(/usr/local/texlive/2024/texmf-dist/tex/generic/babel/babel.sty
Package: babel 2024/02/07 v24.2 The Babel package
\babel@savecnt=\count196
\U@D=\dimen141
\l@unhyphenated=\language89

(/usr/local/texlive/2024/texmf-dist/tex/generic/babel/txtbabel.def)
\bbl@readstream=\read2
\bbl@dirlevel=\count197

(/usr/local/texlive/2024/texmf-dist/tex/generic/babel-spanish/spanish.ldf
Language: spanish.ldf 2021/05/27 v5.0q Spanish support from the babel system
\es@quottoks=\toks19
\es@quotdepth=\count198
Package babel Info: Making " an active character on input line 570.
Package babel Info: Making . an active character on input line 675.
Package babel Info: Making < an active character on input line 722.
Package babel Info: Making > an active character on input line 722.
))
(/usr/local/texlive/2024/texmf-dist/tex/generic/babel/locale/es/babel-spanish.t
ex
Package babel Info: Importing font and identification data for spanish
(babel)             from babel-es.ini. Reported on input line 11.
) (/usr/local/texlive/2024/texmf-dist/tex/latex/amsmath/amsmath.sty
Package: amsmath 2023/05/13 v2.17o AMS math features
\@mathmargin=\skip50

For additional information on amsmath, use the `?' option.
(/usr/local/texlive/2024/texmf-dist/tex/latex/amsmath/amstext.sty
Package: amstext 2021/08/26 v2.01 AMS text

(/usr/local/texlive/2024/texmf-dist/tex/latex/amsmath/amsgen.sty
File: amsgen.sty 1999/11/30 v2.0 generic functions
\@emptytoks=\toks20
\ex@=\dimen142
))
(/usr/local/texlive/2024/texmf-dist/tex/latex/amsmath/amsbsy.sty
Package: amsbsy 1999/11/29 v1.2d Bold Symbols
\pmbraise@=\dimen143
)
(/usr/local/texlive/2024/texmf-dist/tex/latex/amsmath/amsopn.sty
Package: amsopn 2022/04/08 v2.04 operator names
)
\inf@bad=\count199
LaTeX Info: Redefining \frac on input line 234.
\uproot@=\count266
\leftroot@=\count267
LaTeX Info: Redefining \overline on input line 399.
LaTeX Info: Redefining \colon on input line 410.
\classnum@=\count268
\DOTSCASE@=\count269
LaTeX Info: Redefining \ldots on input line 496.
LaTeX Info: Redefining \dots on input line 499.
LaTeX Info: Redefining \cdots on input line 620.
\Mathstrutbox@=\box51
\strutbox@=\box52
LaTeX Info: Redefining \big on input line 722.
LaTeX Info: Redefining \Big on input line 723.
LaTeX Info: Redefining \bigg on input line 724.
LaTeX Info: Redefining \Bigg on input line 725.
\big@size=\dimen144
LaTeX Font Info:    Redeclaring font encoding OML on input line 743.
LaTeX Font Info:    Redeclaring font encoding OMS on input line 744.
\macc@depth=\count270
LaTeX Info: Redefining \bmod on input line 905.
LaTeX Info: Redefining \pmod on input line 910.
LaTeX Info: Redefining \smash on input line 940.
LaTeX Info: Redefining \relbar on input line 970.
LaTeX Info: Redefining \Relbar on input line 971.
\c@MaxMatrixCols=\count271
\dotsspace@=\muskip16
\c@parentequation=\count272
\dspbrk@lvl=\count273
\tag@help=\toks21
\row@=\count274
\column@=\count275
\maxfields@=\count276
\andhelp@=\toks22
\eqnshift@=\dimen145
\alignsep@=\dimen146
\tagshift@=\dimen147
\tagwidth@=\dimen148
\totwidth@=\dimen149
\lineht@=\dimen150
\@envbody=\toks23
\multlinegap=\skip51
\multlinetaggap=\skip52
\mathdisplay@stack=\toks24
LaTeX Info: Redefining \[ on input line 2953.
LaTeX Info: Redefining \] on input line 2954.
)
(/usr/local/texlive/2024/texmf-dist/tex/latex/amsfonts/amsfonts.sty
Package: amsfonts 2013/01/14 v3.01 Basic AMSFonts support
\symAMSa=\mathgroup4
\symAMSb=\mathgroup5
LaTeX Font Info:    Redeclaring math symbol \hbar on input line 98.
LaTeX Font Info:    Overwriting math alphabet `\mathfrak' in version `bold'
(Font)                  U/euf/m/n --> U/euf/b/n on input line 106.
)
(/usr/local/texlive/2024/texmf-dist/tex/latex/amsfonts/amssymb.sty
Package: amssymb 2013/01/14 v3.01 AMS font symbols
)
(/usr/local/texlive/2024/texmf-dist/tex/latex/graphics/graphicx.sty
Package: graphicx 2021/09/16 v1.2d Enhanced LaTeX Graphics (DPC,SPQR)

(/usr/local/texlive/2024/texmf-dist/tex/latex/graphics/keyval.sty
Package: keyval 2022/05/29 v1.15 key=value parser (DPC)
\KV@toks@=\toks25
)
(/usr/local/texlive/2024/texmf-dist/tex/latex/graphics/graphics.sty
Package: graphics 2022/03/10 v1.4e Standard LaTeX Graphics (DPC,SPQR)

(/usr/local/texlive/2024/texmf-dist/tex/latex/graphics/trig.sty
Package: trig 2021/08/11 v1.11 sin cos tan (DPC)
)
(/usr/local/texlive/2024/texmf-dist/tex/latex/graphics-cfg/graphics.cfg
File: graphics.cfg 2016/06/04 v1.11 sample graphics configuration
)
Package graphics Info: Driver file: pdftex.def on input line 107.

(/usr/local/texlive/2024/texmf-dist/tex/latex/graphics-def/pdftex.def
File: pdftex.def 2022/09/22 v1.2b Graphics/color driver for pdftex
))
\Gin@req@height=\dimen151
\Gin@req@width=\dimen152
)
(/usr/local/texlive/2024/texmf-dist/tex/latex/subfig/subfig.sty
Package: subfig 2005/06/28 ver: 1.3 subfig package

(/usr/local/texlive/2024/texmf-dist/tex/latex/caption/caption.sty
Package: caption 2023/08/05 v3.6o Customizing captions (AR)

(/usr/local/texlive/2024/texmf-dist/tex/latex/caption/caption3.sty
Package: caption3 2023/07/31 v2.4d caption3 kernel (AR)
\caption@tempdima=\dimen153
\captionmargin=\dimen154
\caption@leftmargin=\dimen155
\caption@rightmargin=\dimen156
\caption@width=\dimen157
\caption@indent=\dimen158
\caption@parindent=\dimen159
\caption@hangindent=\dimen160
Package caption Info: Standard document class detected.
)
\c@caption@flags=\count277
\c@continuedfloat=\count278
)
\c@KVtest=\count279
\sf@farskip=\skip53
\sf@captopadj=\dimen161
\sf@capskip=\skip54
\sf@nearskip=\skip55
\c@subfigure=\count280
\c@subfigure@save=\count281
\c@lofdepth=\count282
\c@subtable=\count283
\c@subtable@save=\count284
\c@lotdepth=\count285
\sf@top=\skip56
\sf@bottom=\skip57
)
(/usr/local/texlive/2024/texmf-dist/tex/latex/unitsdef/unitsdef.sty
Package: unitsdef 2005/01/04 v0.2 Typesetting units
File: unitsdef.dtx 2004/01/05 Typesetting units a proper way

(/usr/local/texlive/2024/texmf-dist/tex/latex/base/fontenc.sty
Package: fontenc 2021/04/29 v2.0v Standard LaTeX package
)
(/usr/local/texlive/2024/texmf-dist/tex/latex/base/textcomp.sty
Package: textcomp 2020/02/02 v2.0n Standard LaTeX package
)
(/usr/local/texlive/2024/texmf-dist/tex/latex/units/units.sty
Package: units 1998/08/04 v0.9b Typesetting units

(/usr/local/texlive/2024/texmf-dist/tex/latex/base/ifthen.sty
Package: ifthen 2022/04/13 v1.1d Standard LaTeX ifthen package (DPC)
)
(/usr/local/texlive/2024/texmf-dist/tex/latex/units/nicefrac.sty
Package: nicefrac 1998/08/04 v0.9b Nice fractions
\L@UnitsRaiseDisplaystyle=\skip58
\L@UnitsRaiseTextstyle=\skip59
\L@UnitsRaiseScriptstyle=\skip60
))
(/usr/local/texlive/2024/texmf-dist/tex/latex/tools/xspace.sty
Package: xspace 2014/10/28 v1.13 Space after command names (DPC,MH)
)
LaTeX Info: Redefining \SI on input line 293.
LaTeX Info: Redefining \meter on input line 331.
LaTeX Info: Redefining \gram on input line 332.
LaTeX Info: Redefining \kilogram on input line 333.
LaTeX Info: Redefining \mole on input line 334.
LaTeX Info: Redefining \second on input line 335.
LaTeX Info: Redefining \ampere on input line 336.
LaTeX Info: Redefining \kelvin on input line 337.
LaTeX Info: Redefining \candela on input line 338.
LaTeX Info: Redefining \picometer on input line 341.
LaTeX Info: Redefining \nanometer on input line 342.
LaTeX Info: Redefining \micrometer on input line 343.
LaTeX Info: Redefining \millimeter on input line 344.
LaTeX Info: Redefining \centimeter on input line 345.
LaTeX Info: Redefining \decimeter on input line 346.
LaTeX Info: Redefining \kilometer on input line 347.
LaTeX Info: Redefining \femtogram on input line 350.
LaTeX Info: Redefining \picogram on input line 351.
LaTeX Info: Redefining \nanogram on input line 352.
LaTeX Info: Redefining \microgram on input line 353.
LaTeX Info: Redefining \milligram on input line 354.
LaTeX Info: Redefining \femtomole on input line 357.
LaTeX Info: Redefining \picomole on input line 358.
LaTeX Info: Redefining \nanomole on input line 359.
LaTeX Info: Redefining \micromole on input line 360.
LaTeX Info: Redefining \millimole on input line 361.
LaTeX Info: Redefining \attosecond on input line 364.
LaTeX Info: Redefining \femtosecond on input line 365.
LaTeX Info: Redefining \picosecond on input line 366.
LaTeX Info: Redefining \nanosecond on input line 367.
LaTeX Info: Redefining \microsecond on input line 368.
LaTeX Info: Redefining \millisecond on input line 369.
LaTeX Info: Redefining \picoampere on input line 372.
LaTeX Info: Redefining \nanoampere on input line 373.
LaTeX Info: Redefining \microampere on input line 374.
LaTeX Info: Redefining \milliampere on input line 375.
LaTeX Info: Redefining \kiloampere on input line 376.
LaTeX Info: Redefining \percent on input line 379.
LaTeX Info: Redefining \liter on input line 385.
LaTeX Info: Redefining \femtoliter on input line 388.
LaTeX Info: Redefining \picoliter on input line 389.
LaTeX Info: Redefining \nanoliter on input line 390.
LaTeX Info: Redefining \microliter on input line 391.
LaTeX Info: Redefining \milliliter on input line 392.
LaTeX Info: Redefining \centiliter on input line 393.
LaTeX Info: Redefining \deciliter on input line 394.
LaTeX Info: Redefining \hectoliter on input line 395.
LaTeX Info: Redefining \cubicmeter on input line 397.
LaTeX Info: Redefining \cubicmicrometer on input line 398.
LaTeX Info: Redefining \cubicmillimeter on input line 399.
LaTeX Info: Redefining \squaremeter on input line 402.
LaTeX Info: Redefining \ar on input line 404.
LaTeX Info: Redefining \hektar on input line 405.
LaTeX Info: Redefining \squarecentimeter on input line 407.
LaTeX Info: Redefining \squaremillimeter on input line 408.
LaTeX Info: Redefining \squarekilometer on input line 409.
LaTeX Info: Redefining \ton on input line 411.
LaTeX Info: Redefining \volt on input line 414.
LaTeX Info: Redefining \millivolt on input line 415.
LaTeX Info: Redefining \kilovolt on input line 417.
LaTeX Info: Redefining \watt on input line 419.
LaTeX Info: Redefining \milliwatt on input line 420.
LaTeX Info: Redefining \kilowatt on input line 421.
LaTeX Info: Redefining \megawatt on input line 422.
LaTeX Info: Redefining \coulomb on input line 424.
LaTeX Info: Redefining \ohm on input line 432.
LaTeX Info: Redefining \kiloohm on input line 434.
LaTeX Info: Redefining \megaohm on input line 435.
LaTeX Info: Redefining \gigaohm on input line 436.
LaTeX Info: Redefining \siemens on input line 438.
LaTeX Info: Redefining \millisiemens on input line 439.
LaTeX Info: Redefining \farad on input line 440.
LaTeX Info: Redefining \femtofarad on input line 441.
LaTeX Info: Redefining \picofarad on input line 442.
LaTeX Info: Redefining \nanofarad on input line 443.
LaTeX Info: Redefining \microfarad on input line 444.
LaTeX Info: Redefining \millifarad on input line 445.
LaTeX Info: Redefining \joule on input line 446.
LaTeX Info: Redefining \millijoule on input line 447.
LaTeX Info: Redefining \kilojoule on input line 448.
LaTeX Info: Redefining \megajoule on input line 449.
LaTeX Info: Redefining \calory on input line 451.
LaTeX Info: Redefining \kilocalory on input line 452.
LaTeX Info: Redefining \electronvolt on input line 453.
LaTeX Info: Redefining \millielectronvolt on input line 454.
LaTeX Info: Redefining \kiloelectronvolt on input line 455.
LaTeX Info: Redefining \megaelectronvolt on input line 456.
LaTeX Info: Redefining \gigaelectronvolt on input line 457.
LaTeX Info: Redefining \teraelectronvolt on input line 458.
LaTeX Info: Redefining \minute on input line 460.
LaTeX Info: Redefining \hour on input line 461.
LaTeX Info: Redefining \days on input line 462.
LaTeX Info: Redefining \celsius on input line 467.
LaTeX Info: Redefining \radian on input line 470.
LaTeX Info: Redefining \steradian on input line 471.
LaTeX Info: Redefining \degree on input line 476.
LaTeX Info: Redefining \arcmin on input line 480.
LaTeX Info: Redefining \arcsec on input line 481.
LaTeX Info: Redefining \hertz on input line 517.
LaTeX Info: Redefining \kilohertz on input line 518.
LaTeX Info: Redefining \megahertz on input line 519.
LaTeX Info: Redefining \gigahertz on input line 520.
LaTeX Info: Redefining \newton on input line 522.
LaTeX Info: Redefining \millinewton on input line 523.
LaTeX Info: Redefining \kilonewton on input line 524.
LaTeX Info: Redefining \pascal on input line 525.
LaTeX Info: Redefining \hectopascal on input line 526.
LaTeX Info: Redefining \uBar on input line 527.
LaTeX Info: Redefining \millibar on input line 528.
LaTeX Info: Redefining \weber on input line 529.
LaTeX Info: Redefining \tesla on input line 530.
LaTeX Info: Redefining \henry on input line 531.
LaTeX Info: Redefining \lumen on input line 532.
LaTeX Info: Redefining \lux on input line 533.
LaTeX Info: Redefining \becquerel on input line 534.
LaTeX Info: Redefining \megabecquerel on input line 535.
LaTeX Info: Redefining \curie on input line 536.
LaTeX Info: Redefining \sievert on input line 537.
LaTeX Info: Redefining \millisievert on input line 538.
Package unitsdef Info: Abbreviations for units of amperage loaded. on input lin
e 543.

(/usr/local/texlive/2024/texmf-dist/tex/latex/unitsdef/ampabbrv.cfg
File: ampabbrv 2004/12/09 v0.1 unitsdef configuration file
)
Package unitsdef Info: Abbreviations for units of frequency loaded. on input li
ne 548.

(/usr/local/texlive/2024/texmf-dist/tex/latex/unitsdef/freqabbr.cfg
File: freqabbr 2004/12/09 v0.1 unitsdef configuration file
)
Package unitsdef Info: Abbreviations for units of amount of substances loaded. 
on input line 553.

(/usr/local/texlive/2024/texmf-dist/tex/latex/unitsdef/molabbrv.cfg
File: molabbrv 2004/12/09 v0.1 unitsdef configuration file
)
Package unitsdef Info: Abbreviations for units of voltage loaded. on input line
 558.

(/usr/local/texlive/2024/texmf-dist/tex/latex/unitsdef/voltabbr.cfg
File: voltabbr 2004/12/09 v0.1 unitsdef configuration file
)
Package unitsdef Info: Abbreviations for units of volume loaded. on input line 
563.

(/usr/local/texlive/2024/texmf-dist/tex/latex/unitsdef/volabbrv.cfg
File: volabbrv 2004/12/09 v0.1 unitsdef configuration file
)
Package unitsdef Info: Abbreviations for units of weight loaded. on input line 
568.

(/usr/local/texlive/2024/texmf-dist/tex/latex/unitsdef/weigabbr.cfg
File: weigabbr 2004/12/09 v0.1 unitsdef configuration file
)
Package unitsdef Info: Abbreviations for units of energy loaded. on input line 
573.

(/usr/local/texlive/2024/texmf-dist/tex/latex/unitsdef/enerabbr.cfg
File: enerabbr 2004/12/09 v0.1 unitsdef configuration file
)
Package unitsdef Info: Abbreviations for units of length loaded. on input line 
578.

(/usr/local/texlive/2024/texmf-dist/tex/latex/unitsdef/lengabbr.cfg
File: lengabbr 2004/12/09 v0.1 unitsdef configuration file
)
Package unitsdef Info: Abbreviations for units of time loaded. on input line 58
3.

(/usr/local/texlive/2024/texmf-dist/tex/latex/unitsdef/timeabbr.cfg
File: timeabbr 2004/12/09 v0.1 unitsdef configuration file
)
Package unitsdef Info: No local config file found. on input line 589.
)
(/usr/local/texlive/2024/texmf-dist/tex/latex/hyperref/hyperref.sty
Package: hyperref 2024-01-20 v7.01h Hypertext links for LaTeX

(/usr/local/texlive/2024/texmf-dist/tex/generic/iftex/iftex.sty
Package: iftex 2022/02/03 v1.0f TeX engine tests
)
(/usr/local/texlive/2024/texmf-dist/tex/latex/kvsetkeys/kvsetkeys.sty
Package: kvsetkeys 2022-10-05 v1.19 Key value parser (HO)
)
(/usr/local/texlive/2024/texmf-dist/tex/generic/kvdefinekeys/kvdefinekeys.sty
Package: kvdefinekeys 2019-12-19 v1.6 Define keys (HO)
)
(/usr/local/texlive/2024/texmf-dist/tex/generic/pdfescape/pdfescape.sty
Package: pdfescape 2019/12/09 v1.15 Implements pdfTeX's escape features (HO)

(/usr/local/texlive/2024/texmf-dist/tex/generic/ltxcmds/ltxcmds.sty
Package: ltxcmds 2023-12-04 v1.26 LaTeX kernel commands for general use (HO)
)
(/usr/local/texlive/2024/texmf-dist/tex/generic/pdftexcmds/pdftexcmds.sty
Package: pdftexcmds 2020-06-27 v0.33 Utility functions of pdfTeX for LuaTeX (HO
)

(/usr/local/texlive/2024/texmf-dist/tex/generic/infwarerr/infwarerr.sty
Package: infwarerr 2019/12/03 v1.5 Providing info/warning/error messages (HO)
)
Package pdftexcmds Info: \pdf@primitive is available.
Package pdftexcmds Info: \pdf@ifprimitive is available.
Package pdftexcmds Info: \pdfdraftmode found.
))
(/usr/local/texlive/2024/texmf-dist/tex/latex/hycolor/hycolor.sty
Package: hycolor 2020-01-27 v1.10 Color options for hyperref/bookmark (HO)
)
(/usr/local/texlive/2024/texmf-dist/tex/latex/auxhook/auxhook.sty
Package: auxhook 2019-12-17 v1.6 Hooks for auxiliary files (HO)
)
(/usr/local/texlive/2024/texmf-dist/tex/latex/hyperref/nameref.sty
Package: nameref 2023-11-26 v2.56 Cross-referencing by name of section

(/usr/local/texlive/2024/texmf-dist/tex/latex/refcount/refcount.sty
Package: refcount 2019/12/15 v3.6 Data extraction from label references (HO)
)
(/usr/local/texlive/2024/texmf-dist/tex/generic/gettitlestring/gettitlestring.s
ty
Package: gettitlestring 2019/12/15 v1.6 Cleanup title references (HO)
 (/usr/local/texlive/2024/texmf-dist/tex/latex/kvoptions/kvoptions.sty
Package: kvoptions 2022-06-15 v3.15 Key value format for package options (HO)
))
\c@section@level=\count286
)
(/usr/local/texlive/2024/texmf-dist/tex/latex/etoolbox/etoolbox.sty
Package: etoolbox 2020/10/05 v2.5k e-TeX tools for LaTeX (JAW)
\etb@tempcnta=\count287
)
\@linkdim=\dimen162
\Hy@linkcounter=\count288
\Hy@pagecounter=\count289

(/usr/local/texlive/2024/texmf-dist/tex/latex/hyperref/pd1enc.def
File: pd1enc.def 2024-01-20 v7.01h Hyperref: PDFDocEncoding definition (HO)
Now handling font encoding PD1 ...
... no UTF-8 mapping file for font encoding PD1
)
(/usr/local/texlive/2024/texmf-dist/tex/generic/intcalc/intcalc.sty
Package: intcalc 2019/12/15 v1.3 Expandable calculations with integers (HO)
)
\Hy@SavedSpaceFactor=\count290

(/usr/local/texlive/2024/texmf-dist/tex/latex/hyperref/puenc.def
File: puenc.def 2024-01-20 v7.01h Hyperref: PDF Unicode definition (HO)
Now handling font encoding PU ...
... no UTF-8 mapping file for font encoding PU
)
Package hyperref Info: Option `colorlinks' set `true' on input line 4062.
Package hyperref Info: Hyper figures OFF on input line 4179.
Package hyperref Info: Link nesting OFF on input line 4184.
Package hyperref Info: Hyper index ON on input line 4187.
Package hyperref Info: Plain pages OFF on input line 4194.
Package hyperref Info: Backreferencing OFF on input line 4199.
Package hyperref Info: Implicit mode ON; LaTeX internals redefined.
Package hyperref Info: Bookmarks ON on input line 4446.
\c@Hy@tempcnt=\count291

(/usr/local/texlive/2024/texmf-dist/tex/latex/url/url.sty
\Urlmuskip=\muskip17
Package: url 2013/09/16  ver 3.4  Verb mode for urls, etc.
)
LaTeX Info: Redefining \url on input line 4784.
\XeTeXLinkMargin=\dimen163

(/usr/local/texlive/2024/texmf-dist/tex/generic/bitset/bitset.sty
Package: bitset 2019/12/09 v1.3 Handle bit-vector datatype (HO)

(/usr/local/texlive/2024/texmf-dist/tex/generic/bigintcalc/bigintcalc.sty
Package: bigintcalc 2019/12/15 v1.5 Expandable calculations on big integers (HO
)
))
\Fld@menulength=\count292
\Field@Width=\dimen164
\Fld@charsize=\dimen165
Package hyperref Info: Hyper figures OFF on input line 6063.
Package hyperref Info: Link nesting OFF on input line 6068.
Package hyperref Info: Hyper index ON on input line 6071.
Package hyperref Info: backreferencing OFF on input line 6078.
Package hyperref Info: Link coloring ON on input line 6081.
Package hyperref Info: Link coloring with OCG OFF on input line 6088.
Package hyperref Info: PDF/A mode OFF on input line 6093.

(/usr/local/texlive/2024/texmf-dist/tex/latex/base/atbegshi-ltx.sty
Package: atbegshi-ltx 2021/01/10 v1.0c Emulation of the original atbegshi
package with kernel methods
)
\Hy@abspage=\count293
\c@Item=\count294
\c@Hfootnote=\count295
)
Package hyperref Info: Driver (autodetected): hpdftex.

(/usr/local/texlive/2024/texmf-dist/tex/latex/hyperref/hpdftex.def
File: hpdftex.def 2024-01-20 v7.01h Hyperref driver for pdfTeX

(/usr/local/texlive/2024/texmf-dist/tex/latex/base/atveryend-ltx.sty
Package: atveryend-ltx 2020/08/19 v1.0a Emulation of the original atveryend pac
kage
with kernel methods
)
\Fld@listcount=\count296
\c@bookmark@seq@number=\count297

(/usr/local/texlive/2024/texmf-dist/tex/latex/rerunfilecheck/rerunfilecheck.sty
Package: rerunfilecheck 2022-07-10 v1.10 Rerun checks for auxiliary files (HO)

(/usr/local/texlive/2024/texmf-dist/tex/generic/uniquecounter/uniquecounter.sty
Package: uniquecounter 2019/12/15 v1.4 Provide unlimited unique counter (HO)
)
Package uniquecounter Info: New unique counter `rerunfilecheck' on input line 2
85.
)
\Hy@SectionHShift=\skip61
) (/usr/local/texlive/2024/texmf-dist/tex/latex/float/float.sty
Package: float 2001/11/08 v1.3d Float enhancements (AL)
\c@float@type=\count298
\float@exts=\toks26
\float@box=\box53
\@float@everytoks=\toks27
\@floatcapt=\box54
)
(/usr/local/texlive/2024/texmf-dist/tex/latex/booktabs/booktabs.sty
Package: booktabs 2020/01/12 v1.61803398 Publication quality tables
\heavyrulewidth=\dimen166
\lightrulewidth=\dimen167
\cmidrulewidth=\dimen168
\belowrulesep=\dimen169
\belowbottomsep=\dimen170
\aboverulesep=\dimen171
\abovetopsep=\dimen172
\cmidrulesep=\dimen173
\cmidrulekern=\dimen174
\defaultaddspace=\dimen175
\@cmidla=\count299
\@cmidlb=\count300
\@aboverulesep=\dimen176
\@belowrulesep=\dimen177
\@thisruleclass=\count301
\@lastruleclass=\count302
\@thisrulewidth=\dimen178
)
(/usr/local/texlive/2024/texmf-dist/tex/latex/fancyhdr/fancyhdr.sty
Package: fancyhdr 2022/11/09 v4.1 Extensive control of page headers and footers

\f@nch@headwidth=\skip62
\f@nch@O@elh=\skip63
\f@nch@O@erh=\skip64
\f@nch@O@olh=\skip65
\f@nch@O@orh=\skip66
\f@nch@O@elf=\skip67
\f@nch@O@erf=\skip68
\f@nch@O@olf=\skip69
\f@nch@O@orf=\skip70
)
(/usr/local/texlive/2024/texmf-dist/tex/latex/geometry/geometry.sty
Package: geometry 2020/01/02 v5.9 Page Geometry

(/usr/local/texlive/2024/texmf-dist/tex/generic/iftex/ifvtex.sty
Package: ifvtex 2019/10/25 v1.7 ifvtex legacy package. Use iftex instead.
)
\Gm@cnth=\count303
\Gm@cntv=\count304
\c@Gm@tempcnt=\count305
\Gm@bindingoffset=\dimen179
\Gm@wd@mp=\dimen180
\Gm@odd@mp=\dimen181
\Gm@even@mp=\dimen182
\Gm@layoutwidth=\dimen183
\Gm@layoutheight=\dimen184
\Gm@layouthoffset=\dimen185
\Gm@layoutvoffset=\dimen186
\Gm@dimlist=\toks28
)
(/usr/local/texlive/2024/texmf-dist/tex/latex/listings/listings.sty
\lst@mode=\count306
\lst@gtempboxa=\box55
\lst@token=\toks29
\lst@length=\count307
\lst@currlwidth=\dimen187
\lst@column=\count308
\lst@pos=\count309
\lst@lostspace=\dimen188
\lst@width=\dimen189
\lst@newlines=\count310
\lst@lineno=\count311
\lst@maxwidth=\dimen190

(/usr/local/texlive/2024/texmf-dist/tex/latex/listings/lstpatch.sty
File: lstpatch.sty 2024/02/21 1.10 (Carsten Heinz)
)
(/usr/local/texlive/2024/texmf-dist/tex/latex/listings/lstmisc.sty
File: lstmisc.sty 2024/02/21 1.10 (Carsten Heinz)
\c@lstnumber=\count312
\lst@skipnumbers=\count313
\lst@framebox=\box56
)
(/usr/local/texlive/2024/texmf-dist/tex/latex/listings/listings.cfg
File: listings.cfg 2024/02/21 1.10 listings configuration
))
Package: listings 2024/02/21 1.10 (Carsten Heinz)

(/usr/local/texlive/2024/texmf-dist/tex/latex/xcolor/xcolor.sty
Package: xcolor 2023/11/15 v3.01 LaTeX color extensions (UK)

(/usr/local/texlive/2024/texmf-dist/tex/latex/graphics-cfg/color.cfg
File: color.cfg 2016/01/02 v1.6 sample color configuration
)
Package xcolor Info: Driver file: pdftex.def on input line 274.

(/usr/local/texlive/2024/texmf-dist/tex/latex/graphics/mathcolor.ltx)
Package xcolor Info: Model `cmy' substituted by `cmy0' on input line 1350.
Package xcolor Info: Model `hsb' substituted by `rgb' on input line 1354.
Package xcolor Info: Model `RGB' extended on input line 1366.
Package xcolor Info: Model `HTML' substituted by `rgb' on input line 1368.
Package xcolor Info: Model `Hsb' substituted by `hsb' on input line 1369.
Package xcolor Info: Model `tHsb' substituted by `hsb' on input line 1370.
Package xcolor Info: Model `HSB' substituted by `hsb' on input line 1371.
Package xcolor Info: Model `Gray' substituted by `gray' on input line 1372.
Package xcolor Info: Model `wave' substituted by `hsb' on input line 1373.
)
(/usr/local/texlive/2024/texmf-dist/tex/latex/lastpage/lastpage.sty
Package: lastpage 2023/10/14 v2.0e lastpage: 2.09 or 2e? (HMM)

(/usr/local/texlive/2024/texmf-dist/tex/latex/lastpage/lastpage2e.sty
Package: lastpage2e 2023/10/14 v2.0e Decide which 2e lastpage version to use (H
MM)

(/usr/local/texlive/2024/texmf-dist/tex/latex/lastpage/lastpagemodern.sty
Package: lastpagemodern 2023-10-14 v2.0e Refers to last page's name (HMM; JPG)
\c@lastpagecount=\count314
) 
))) (./Configuration/page_setup.tex)
(/usr/local/texlive/2024/texmf-dist/tex/latex/l3backend/l3backend-pdftex.def
File: l3backend-pdftex.def 2024-02-20 L3 backend support: PDF output (pdfTeX)
\l__color_backend_stack_int=\count315
\l__pdf_internal_box=\box57
)
(./main.aux
LaTeX Info: Redefining \. on input line 11.
LaTeX Info: Redefining \% on input line 11.
)
\openout1 = `main.aux'.

LaTeX Font Info:    Checking defaults for OML/cmm/m/it on input line 8.
LaTeX Font Info:    ... okay on input line 8.
LaTeX Font Info:    Checking defaults for OMS/cmsy/m/n on input line 8.
LaTeX Font Info:    ... okay on input line 8.
LaTeX Font Info:    Checking defaults for OT1/cmr/m/n on input line 8.
LaTeX Font Info:    ... okay on input line 8.
LaTeX Font Info:    Checking defaults for T1/cmr/m/n on input line 8.
LaTeX Font Info:    ... okay on input line 8.
LaTeX Font Info:    Checking defaults for TS1/cmr/m/n on input line 8.
LaTeX Font Info:    ... okay on input line 8.
LaTeX Font Info:    Checking defaults for OMX/cmex/m/n on input line 8.
LaTeX Font Info:    ... okay on input line 8.
LaTeX Font Info:    Checking defaults for U/cmr/m/n on input line 8.
LaTeX Font Info:    ... okay on input line 8.
LaTeX Font Info:    Checking defaults for PD1/pdf/m/n on input line 8.
LaTeX Font Info:    ... okay on input line 8.
LaTeX Font Info:    Checking defaults for PU/pdf/m/n on input line 8.
LaTeX Font Info:    ... okay on input line 8.
LaTeX Info: Redefining \. on input line 8.
LaTeX Info: Redefining \% on input line 8.

(/usr/local/texlive/2024/texmf-dist/tex/context/base/mkii/supp-pdf.mkii
[Loading MPS to PDF converter (version 2006.09.02).]
\scratchcounter=\count316
\scratchdimen=\dimen191
\scratchbox=\box58
\nofMPsegments=\count317
\nofMParguments=\count318
\everyMPshowfont=\toks30
\MPscratchCnt=\count319
\MPscratchDim=\dimen192
\MPnumerator=\count320
\makeMPintoPDFobject=\count321
\everyMPtoPDFconversion=\toks31
) (/usr/local/texlive/2024/texmf-dist/tex/latex/epstopdf-pkg/epstopdf-base.sty
Package: epstopdf-base 2020-01-24 v2.11 Base part for package epstopdf
Package epstopdf-base Info: Redefining graphics rule for `.eps' on input line 4
85.

(/usr/local/texlive/2024/texmf-dist/tex/latex/latexconfig/epstopdf-sys.cfg
File: epstopdf-sys.cfg 2010/07/13 v1.3 Configuration of (r)epstopdf for TeX Liv
e
))
Package caption Info: Begin \AtBeginDocument code.
Package caption Info: subfig package v1.3 is loaded.
Package caption Info: float package is loaded.
Package caption Info: hyperref package is loaded.
Package caption Info: listings package is loaded.
Package caption Info: End \AtBeginDocument code.
Package hyperref Info: Link coloring ON on input line 8.

(./main.out) (./main.out)
\@outlinefile=\write3
\openout3 = `main.out'.


*geometry* driver: auto-detecting
*geometry* detected driver: pdftex
*geometry* verbose mode - [ preamble ] result:
* driver: pdftex
* paper: letterpaper
* layout: <same size as paper>
* layoutoffset:(h,v)=(0.0pt,0.0pt)
* modes: 
* h-part:(L,W,R)=(51.21495pt, 511.8651pt, 51.21495pt)
* v-part:(T,H,B)=(59.75078pt, 675.46843pt, 59.75078pt)
* \paperwidth=614.295pt
* \paperheight=794.96999pt
* \textwidth=511.8651pt
* \textheight=675.46843pt
* \oddsidemargin=-21.05504pt
* \evensidemargin=-21.05504pt
* \topmargin=-49.51921pt
* \headheight=12.0pt
* \headsep=25.0pt
* \topskip=12.0pt
* \footskip=30.0pt
* \marginparwidth=44.0pt
* \marginparsep=10.0pt
* \columnsep=10.0pt
* \skip\footins=10.8pt plus 4.0pt minus 2.0pt
* \hoffset=0.0pt
* \voffset=0.0pt
* \mag=1000
* \@twocolumnfalse
* \@twosidefalse
* \@mparswitchfalse
* \@reversemarginfalse
* (1in=72.27pt=25.4mm, 1cm=28.453pt)

\c@lstlisting=\count322
(./Configuration/title.tex [1

{/usr/local/texlive/2024/texmf-var/fonts/map/pdftex/updmap/pdftex.map}{/usr/loc
al/texlive/2024/texmf-dist/fonts/enc/dvips/cm-super/cm-super-t1.enc}]) (./main.
toc
LaTeX Info: Redefining \. on input line 1.
LaTeX Info: Redefining \% on input line 1.
LaTeX Font Info:    Trying to load font information for U+msa on input line 4.

(/usr/local/texlive/2024/texmf-dist/tex/latex/amsfonts/umsa.fd
File: umsa.fd 2013/01/14 v3.01 AMS symbols A
)
LaTeX Font Info:    Trying to load font information for U+msb on input line 4.

(/usr/local/texlive/2024/texmf-dist/tex/latex/amsfonts/umsb.fd
File: umsb.fd 2013/01/14 v3.01 AMS symbols B
))
\tf@toc=\write4
\openout4 = `main.toc'.



Package fancyhdr Warning: \headheight is too small (12.0pt): 
(fancyhdr)                Make it at least 14.49998pt, for example:
(fancyhdr)                \setlength{\headheight}{14.49998pt}.
(fancyhdr)                You might also make \topmargin smaller to compensate:

(fancyhdr)                \addtolength{\topmargin}{-2.49998pt}.


pdfTeX warning (ext4): destination with the same identifier (name{page.1}) has 
been already used, duplicate ignored
<to be read again> 
                   \relax 
l.14 \newpage
              [1]
<Images/hello_world_py.jpeg, id=65, 2569.6pt x 1445.4pt>
File: Images/hello_world_py.jpeg Graphic file (type jpg)
<use Images/hello_world_py.jpeg>
Package pdftex.def Info: Images/hello_world_py.jpeg  used on input line 38.
(pdftex.def)             Requested size: 256.97505pt x 144.54846pt.


LaTeX Warning: Citation `knuth:1984' on page 2 undefined on input line 39.


LaTeX Warning: Citation `knuth:1984' on page 2 undefined on input line 39.


Package fancyhdr Warning: \headheight is too small (12.0pt): 
(fancyhdr)                Make it at least 14.49998pt, for example:
(fancyhdr)                \setlength{\headheight}{14.49998pt}.
(fancyhdr)                You might also make \topmargin smaller to compensate:

(fancyhdr)                \addtolength{\topmargin}{-2.49998pt}.

[2 <./Images/hello_world_py.jpeg>]
(/usr/local/texlive/2024/texmf-dist/tex/latex/listings/lstlang1.sty
File: lstlang1.sty 2024/02/21 1.10 listings language file
)
Package hyperref Info: bookmark level for unknown lstlisting defaults to 0 on i
nput line 73.
LaTeX Font Info:    Trying to load font information for T1+cmtt on input line 7
3.

(/usr/local/texlive/2024/texmf-dist/tex/latex/base/t1cmtt.fd
File: t1cmtt.fd 2023/04/13 v2.5m Standard LaTeX font definitions
)

Package fancyhdr Warning: \headheight is too small (12.0pt): 
(fancyhdr)                Make it at least 14.49998pt, for example:
(fancyhdr)                \setlength{\headheight}{14.49998pt}.
(fancyhdr)                You might also make \topmargin smaller to compensate:

(fancyhdr)                \addtolength{\topmargin}{-2.49998pt}.

[3]
No file main.bbl.

enddocument/afterlastpage: lastpage setting LastPage.
(./main.aux
LaTeX Info: Redefining \. on input line 11.
LaTeX Info: Redefining \% on input line 11.
)
 ***********
LaTeX2e <2023-11-01> patch level 1
L3 programming layer <2024-02-20>
 ***********


LaTeX Warning: There were undefined references.

Package rerunfilecheck Info: File `main.out' has not changed.
(rerunfilecheck)             Checksum: 99B6547341A981CDBF1D8D05F470A7AF;880.
 ) 
Here is how much of TeX's memory you used:
 16710 strings out of 474116
 258038 string characters out of 5743682
 1969187 words of memory out of 5000000
 38782 multiletter control sequences out of 15000+600000
 574523 words of font info for 71 fonts, out of 8000000 for 9000
 1141 hyphenation exceptions out of 8191
 80i,12n,82p,359b,1365s stack positions out of 10000i,1000n,20000p,200000b,200000s
</usr/local/texlive/2024/texmf-dist/fonts/type1/public/amsfonts/cm/cmmi12.pfb
></usr/local/texlive/2024/texmf-dist/fonts/type1/public/amsfonts/cm/cmmi8.pfb><
/usr/local/texlive/2024/texmf-dist/fonts/type1/public/amsfonts/cm/cmr12.pfb></u
sr/local/texlive/2024/texmf-dist/fonts/type1/public/amsfonts/cm/cmr8.pfb></usr/
local/texlive/2024/texmf-dist/fonts/type1/public/cm-super/sfbx1200.pfb></usr/lo
cal/texlive/2024/texmf-dist/fonts/type1/public/cm-super/sfbx1440.pfb></usr/loca
l/texlive/2024/texmf-dist/fonts/type1/public/cm-super/sfbx1728.pfb></usr/local/
texlive/2024/texmf-dist/fonts/type1/public/cm-super/sfbx2074.pfb></usr/local/te
xlive/2024/texmf-dist/fonts/type1/public/cm-super/sfbx2488.pfb></usr/local/texl
ive/2024/texmf-dist/fonts/type1/public/cm-super/sfcc1440.pfb></usr/local/texliv
e/2024/texmf-dist/fonts/type1/public/cm-super/sfcc1728.pfb></usr/local/texlive/
2024/texmf-dist/fonts/type1/public/cm-super/sfcc2074.pfb></usr/local/texlive/20
24/texmf-dist/fonts/type1/public/cm-super/sfrm0600.pfb></usr/local/texlive/2024
/texmf-dist/fonts/type1/public/cm-super/sfrm1200.pfb></usr/local/texlive/2024/t
exmf-dist/fonts/type1/public/cm-super/sfrm1440.pfb></usr/local/texlive/2024/tex
mf-dist/fonts/type1/public/cm-super/sftt1000.pfb>
Output written on main.pdf (4 pages, 314387 bytes).
PDF statistics:
 173 PDF objects out of 1000 (max. 8388607)
 132 compressed objects within 2 object streams
 25 named destinations out of 1000 (max. 500000)
 70 words of extra memory for PDF output out of 10000 (max. 10000000)

